Using pre-set license
Built from '2020.3/staging' branch; Version is '2020.3.16f1 (049d6eca3c44) revision 302446'; Using compiler version '192528614'; Build Type 'Release'
OS: 'Windows 10 Pro; OS build 19042.1237; Version 2009; 64bit' Language: 'zh' Physical Memory: 32483 MB
BatchMode: 1, IsHumanControllingUs: 0, StartBugReporterOnCrash: 0, Is64bit: 1, IsPro: 0

 COMMAND LINE ARGUMENTS:
D:\unity 2020\Editor\Unity.exe
-adb2
-batchMode
-noUpm
-name
AssetImportWorker0
-projectPath
D:/spr/catlikecodingunitytutorials-custom-srp-04-directional-shadows
-logFile
Logs/AssetImportWorker0.log
-srvPort
58400
Successfully changed project path to: D:/spr/catlikecodingunitytutorials-custom-srp-04-directional-shadows
D:/spr/catlikecodingunitytutorials-custom-srp-04-directional-shadows
Using Asset Import Pipeline V2.
Refreshing native plugins compatible for Editor in 21.07 ms, found 0 plugins.
Preloading 0 native plugins for Editor in 0.00 ms.
Initialize engine version: 2020.3.16f1 (049d6eca3c44)
[Subsystems] Discovering subsystems at path D:/unity 2020/Editor/Data/Resources/UnitySubsystems
[Subsystems] Discovering subsystems at path D:/spr/catlikecodingunitytutorials-custom-srp-04-directional-shadows/Assets
GfxDevice: creating device client; threaded=0
Direct3D:
    Version:  Direct3D 11.0 [level 11.1]
    Renderer: NVIDIA GeForce RTX 3060 (ID=0x2503)
    Vendor:   
    VRAM:     12143 MB
    Driver:   27.21.14.6647
Initialize mono
Mono path[0] = 'D:/unity 2020/Editor/Data/Managed'
Mono path[1] = 'D:/unity 2020/Editor/Data/MonoBleedingEdge/lib/mono/unityjit'
Mono config path = 'D:/unity 2020/Editor/Data/MonoBleedingEdge/etc'
Using monoOptions --debugger-agent=transport=dt_socket,embedding=1,server=y,suspend=n,address=127.0.0.1:56772
Begin MonoManager ReloadAssembly
Registering precompiled unity dll's ...
Register platform support module: D:/unity 2020/Editor/Data/PlaybackEngines/WindowsStandaloneSupport/UnityEditor.WindowsStandalone.Extensions.dll
Registered in 0.012529 seconds.
Native extension for WindowsStandalone target not found
Refreshing native plugins compatible for Editor in 18.37 ms, found 0 plugins.
Preloading 0 native plugins for Editor in 0.00 ms.
Mono: successfully reloaded assembly
- Completed reload, in  0.842 seconds
Domain Reload Profiling:
	ReloadAssembly (843ms)
		BeginReloadAssembly (45ms)
			ExecutionOrderSort (0ms)
			DisableScriptedObjects (0ms)
			BackupInstance (0ms)
			ReleaseScriptingObjects (0ms)
			CreateAndSetChildDomain (1ms)
		EndReloadAssembly (368ms)
			LoadAssemblies (44ms)
			RebuildTransferFunctionScriptingTraits (0ms)
			SetupTypeCache (148ms)
			ReleaseScriptCaches (0ms)
			RebuildScriptCaches (25ms)
			SetupLoadedEditorAssemblies (127ms)
				LogAssemblyErrors (0ms)
				InitializePlatformSupportModulesInManaged (3ms)
				SetLoadedEditorAssemblies (0ms)
				RefreshPlugins (18ms)
				BeforeProcessingInitializeOnLoad (11ms)
				ProcessInitializeOnLoadAttributes (68ms)
				ProcessInitializeOnLoadMethodAttributes (26ms)
				AfterProcessingInitializeOnLoad (0ms)
				EditorAssembliesLoaded (0ms)
			ExecutionOrderSort2 (0ms)
			AwakeInstancesAfterBackupRestoration (0ms)
Platform modules already initialized, skipping
Registering precompiled user dll's ...
Registered in 0.030720 seconds.
Begin MonoManager ReloadAssembly
Native extension for WindowsStandalone target not found
Refreshing native plugins compatible for Editor in 16.58 ms, found 0 plugins.
Preloading 0 native plugins for Editor in 0.00 ms.
Mono: successfully reloaded assembly
- Completed reload, in  0.699 seconds
Domain Reload Profiling:
	ReloadAssembly (700ms)
		BeginReloadAssembly (117ms)
			ExecutionOrderSort (0ms)
			DisableScriptedObjects (4ms)
			BackupInstance (0ms)
			ReleaseScriptingObjects (0ms)
			CreateAndSetChildDomain (14ms)
		EndReloadAssembly (527ms)
			LoadAssemblies (71ms)
			RebuildTransferFunctionScriptingTraits (0ms)
			SetupTypeCache (168ms)
			ReleaseScriptCaches (0ms)
			RebuildScriptCaches (30ms)
			SetupLoadedEditorAssemblies (149ms)
				LogAssemblyErrors (0ms)
				InitializePlatformSupportModulesInManaged (3ms)
				SetLoadedEditorAssemblies (0ms)
				RefreshPlugins (17ms)
				BeforeProcessingInitializeOnLoad (48ms)
				ProcessInitializeOnLoadAttributes (70ms)
				ProcessInitializeOnLoadMethodAttributes (4ms)
				AfterProcessingInitializeOnLoad (6ms)
				EditorAssembliesLoaded (0ms)
			ExecutionOrderSort2 (0ms)
			AwakeInstancesAfterBackupRestoration (5ms)
Platform modules already initialized, skipping
========================================================================
Worker process is ready to serve import requests
Launched and connected shader compiler UnityShaderCompiler.exe after 0.08 seconds
Refreshing native plugins compatible for Editor in 0.13 ms, found 0 plugins.
Preloading 0 native plugins for Editor in 0.00 ms.
Unloading 710 Unused Serialized files (Serialized files now loaded: 0)
System memory in use before: 44.9 MB.
System memory in use after: 44.9 MB.

Unloading 9 unused Assets to reduce memory usage. Loaded Objects now: 1150.
Total: 1.954600 ms (FindLiveObjects: 0.126000 ms CreateObjectMapping: 0.028800 ms MarkObjects: 1.741400 ms  DeleteObjects: 0.057000 ms)

AssetImportParameters requested are different than current active one (requested -> active):
  custom:framework-win-MediaFoundation: 216162199b28c13a410421893ffa2e32 -> 
  custom:video-decoder-ogg-theora: a1e56fd34408186e4bbccfd4996cb3dc -> 
  custom:container-muxer-webm: aa71ff27fc2769a1b78a27578f13a17b -> 
  custom:container-demuxer-webm: 4f35f7cbe854078d1ac9338744f61a02 -> 
  custom:container-demuxer-ogg: 62fdf1f143b41e24485cea50d1cbac27 -> 
  custom:video-encoder-webm-vp8: eb34c28f22e8b96e1ab97ce403110664 -> 
  custom:video-decoder-webm-vp8: 9c59270c3fd7afecdb556c50c9e8de78 -> 
  custom:audio-decoder-ogg-vorbis: bf7c407c2cedff20999df2af8eb42d56 -> 
  custom:audio-encoder-webm-vorbis: bf7c407c2cedff20999df2af8eb42d56 -> 
========================================================================
Received Import Request.
  path: Assets/Custom RP.asset
  artifactKey: Guid(23d4a953f4fe940e6a9ab141ea93f599) Importer(815301076,1909f56bfc062723c751e8b465ee728b)
Start importing Assets/Custom RP.asset using Guid(23d4a953f4fe940e6a9ab141ea93f599) Importer(815301076,1909f56bfc062723c751e8b465ee728b)  -> (artifact id: 'f1a0c7182ccd90245066af17d275333a') in 0.025956 seconds 
  Import took 0.027327 seconds .

========================================================================
Received Prepare
Registering precompiled user dll's ...
Registered in 0.001520 seconds.
Begin MonoManager ReloadAssembly
Native extension for WindowsStandalone target not found
Refreshing native plugins compatible for Editor in 0.13 ms, found 0 plugins.
Preloading 0 native plugins for Editor in 0.00 ms.
Mono: successfully reloaded assembly
- Completed reload, in  0.630 seconds
Domain Reload Profiling:
	ReloadAssembly (631ms)
		BeginReloadAssembly (97ms)
			ExecutionOrderSort (0ms)
			DisableScriptedObjects (7ms)
			BackupInstance (0ms)
			ReleaseScriptingObjects (0ms)
			CreateAndSetChildDomain (31ms)
		EndReloadAssembly (481ms)
			LoadAssemblies (67ms)
			RebuildTransferFunctionScriptingTraits (0ms)
			SetupTypeCache (162ms)
			ReleaseScriptCaches (1ms)
			RebuildScriptCaches (31ms)
			SetupLoadedEditorAssemblies (138ms)
				LogAssemblyErrors (0ms)
				InitializePlatformSupportModulesInManaged (4ms)
				SetLoadedEditorAssemblies (0ms)
				RefreshPlugins (0ms)
				BeforeProcessingInitializeOnLoad (57ms)
				ProcessInitializeOnLoadAttributes (67ms)
				ProcessInitializeOnLoadMethodAttributes (4ms)
				AfterProcessingInitializeOnLoad (5ms)
				EditorAssembliesLoaded (0ms)
			ExecutionOrderSort2 (0ms)
			AwakeInstancesAfterBackupRestoration (5ms)
Platform modules already initialized, skipping
Refreshing native plugins compatible for Editor in 0.13 ms, found 0 plugins.
Preloading 0 native plugins for Editor in 0.00 ms.
Unloading 732 Unused Serialized files (Serialized files now loaded: 0)
System memory in use before: 45.2 MB.
System memory in use after: 45.2 MB.

Unloading 6 unused Assets to reduce memory usage. Loaded Objects now: 1185.
Total: 1.860400 ms (FindLiveObjects: 0.083900 ms CreateObjectMapping: 0.016600 ms MarkObjects: 1.564200 ms  DeleteObjects: 0.193500 ms)

AssetImportParameters requested are different than current active one (requested -> active):
  custom:framework-win-MediaFoundation: 216162199b28c13a410421893ffa2e32 -> 
  custom:video-decoder-ogg-theora: a1e56fd34408186e4bbccfd4996cb3dc -> 
  custom:container-muxer-webm: aa71ff27fc2769a1b78a27578f13a17b -> 
  custom:container-demuxer-webm: 4f35f7cbe854078d1ac9338744f61a02 -> 
  custom:container-demuxer-ogg: 62fdf1f143b41e24485cea50d1cbac27 -> 
  custom:video-encoder-webm-vp8: eb34c28f22e8b96e1ab97ce403110664 -> 
  custom:video-decoder-webm-vp8: 9c59270c3fd7afecdb556c50c9e8de78 -> 
  custom:audio-decoder-ogg-vorbis: bf7c407c2cedff20999df2af8eb42d56 -> 
  custom:audio-encoder-webm-vorbis: bf7c407c2cedff20999df2af8eb42d56 -> 
========================================================================
Received Prepare
Registering precompiled user dll's ...
Registered in 0.001219 seconds.
Begin MonoManager ReloadAssembly
Native extension for WindowsStandalone target not found
Refreshing native plugins compatible for Editor in 0.13 ms, found 0 plugins.
Preloading 0 native plugins for Editor in 0.00 ms.
Mono: successfully reloaded assembly
- Completed reload, in  0.574 seconds
Domain Reload Profiling:
	ReloadAssembly (575ms)
		BeginReloadAssembly (74ms)
			ExecutionOrderSort (0ms)
			DisableScriptedObjects (4ms)
			BackupInstance (0ms)
			ReleaseScriptingObjects (0ms)
			CreateAndSetChildDomain (17ms)
		EndReloadAssembly (448ms)
			LoadAssemblies (65ms)
			RebuildTransferFunctionScriptingTraits (0ms)
			SetupTypeCache (147ms)
			ReleaseScriptCaches (0ms)
			RebuildScriptCaches (26ms)
			SetupLoadedEditorAssemblies (131ms)
				LogAssemblyErrors (0ms)
				InitializePlatformSupportModulesInManaged (3ms)
				SetLoadedEditorAssemblies (0ms)
				RefreshPlugins (0ms)
				BeforeProcessingInitializeOnLoad (55ms)
				ProcessInitializeOnLoadAttributes (64ms)
				ProcessInitializeOnLoadMethodAttributes (4ms)
				AfterProcessingInitializeOnLoad (5ms)
				EditorAssembliesLoaded (0ms)
			ExecutionOrderSort2 (0ms)
			AwakeInstancesAfterBackupRestoration (5ms)
Platform modules already initialized, skipping
Refreshing native plugins compatible for Editor in 0.13 ms, found 0 plugins.
Preloading 0 native plugins for Editor in 0.00 ms.
Unloading 737 Unused Serialized files (Serialized files now loaded: 0)
System memory in use before: 45.7 MB.
System memory in use after: 45.7 MB.

Unloading 7 unused Assets to reduce memory usage. Loaded Objects now: 1191.
Total: 1.792800 ms (FindLiveObjects: 0.143500 ms CreateObjectMapping: 0.027600 ms MarkObjects: 1.558900 ms  DeleteObjects: 0.061200 ms)

AssetImportParameters requested are different than current active one (requested -> active):
  custom:framework-win-MediaFoundation: 216162199b28c13a410421893ffa2e32 -> 
  custom:video-decoder-ogg-theora: a1e56fd34408186e4bbccfd4996cb3dc -> 
  custom:container-muxer-webm: aa71ff27fc2769a1b78a27578f13a17b -> 
  custom:container-demuxer-webm: 4f35f7cbe854078d1ac9338744f61a02 -> 
  custom:container-demuxer-ogg: 62fdf1f143b41e24485cea50d1cbac27 -> 
  custom:video-encoder-webm-vp8: eb34c28f22e8b96e1ab97ce403110664 -> 
  custom:video-decoder-webm-vp8: 9c59270c3fd7afecdb556c50c9e8de78 -> 
  custom:audio-decoder-ogg-vorbis: bf7c407c2cedff20999df2af8eb42d56 -> 
  custom:audio-encoder-webm-vorbis: bf7c407c2cedff20999df2af8eb42d56 -> 
========================================================================
Received Import Request.
  Time since last request: 2520.077984 seconds.
  path: Assets/My Custom RP
  artifactKey: Guid(3c7727dcc4d04374da2b466ed0354ef3) Importer(815301076,1909f56bfc062723c751e8b465ee728b)
Start importing Assets/My Custom RP using Guid(3c7727dcc4d04374da2b466ed0354ef3) Importer(815301076,1909f56bfc062723c751e8b465ee728b)  -> (artifact id: 'df402b125ea04dbf9d320a175a607405') in 0.005099 seconds 
  Import took 0.006371 seconds .

========================================================================
Received Import Request.
  Time since last request: 0.004049 seconds.
  path: Assets/My Custom RP
  artifactKey: Guid(3c7727dcc4d04374da2b466ed0354ef3) Importer(815301076,1909f56bfc062723c751e8b465ee728b)
Start importing Assets/My Custom RP using Guid(3c7727dcc4d04374da2b466ed0354ef3) Importer(815301076,1909f56bfc062723c751e8b465ee728b)  -> (artifact id: 'df402b125ea04dbf9d320a175a607405') in 0.002688 seconds 
  Import took 0.003861 seconds .

========================================================================
Received Import Request.
  Time since last request: 0.635774 seconds.
  path: Assets/My Custom RP/ShaderLibrary
  artifactKey: Guid(9ae23c854d65758429a7cc3ccce19591) Importer(815301076,1909f56bfc062723c751e8b465ee728b)
Start importing Assets/My Custom RP/ShaderLibrary using Guid(9ae23c854d65758429a7cc3ccce19591) Importer(815301076,1909f56bfc062723c751e8b465ee728b)  -> (artifact id: 'c68715005b7e89029b3c0aad9f782e8e') in 0.003034 seconds 
  Import took 0.004164 seconds .

========================================================================
Received Import Request.
  Time since last request: 2.408396 seconds.
  path: Assets/Custom RP/Editor
  artifactKey: Guid(41bef6e9187c345828b09960dd1cbfa6) Importer(815301076,1909f56bfc062723c751e8b465ee728b)
Start importing Assets/Custom RP/Editor using Guid(41bef6e9187c345828b09960dd1cbfa6) Importer(815301076,1909f56bfc062723c751e8b465ee728b)  -> (artifact id: '09c6e1a99b84c4e458d7258f1f310c7c') in 0.002896 seconds 
  Import took 0.004076 seconds .

========================================================================
Received Import Request.
  Time since last request: 0.000759 seconds.
  path: Assets/Custom RP/Editor
  artifactKey: Guid(41bef6e9187c345828b09960dd1cbfa6) Importer(815301076,1909f56bfc062723c751e8b465ee728b)
Start importing Assets/Custom RP/Editor using Guid(41bef6e9187c345828b09960dd1cbfa6) Importer(815301076,1909f56bfc062723c751e8b465ee728b)  -> (artifact id: '09c6e1a99b84c4e458d7258f1f310c7c') in 0.002516 seconds 
  Import took 0.003811 seconds .

========================================================================
Received Import Request.
  Time since last request: 1.284465 seconds.
  path: Assets/Custom RP/Editor/CustomShaderGUI.cs
  artifactKey: Guid(aaa44aa82ac4b401280aa00633c3262e) Importer(815301076,1909f56bfc062723c751e8b465ee728b)
Start importing Assets/Custom RP/Editor/CustomShaderGUI.cs using Guid(aaa44aa82ac4b401280aa00633c3262e) Importer(815301076,1909f56bfc062723c751e8b465ee728b)  -> (artifact id: 'dcb5c70686a37caa73d928658a0b7a57') in 0.026057 seconds 
  Import took 0.027457 seconds .

========================================================================
Received Import Request.
  Time since last request: 0.001146 seconds.
  path: Assets/Custom RP/Editor/CustomShaderGUI.cs
  artifactKey: Guid(aaa44aa82ac4b401280aa00633c3262e) Importer(815301076,1909f56bfc062723c751e8b465ee728b)
Start importing Assets/Custom RP/Editor/CustomShaderGUI.cs using Guid(aaa44aa82ac4b401280aa00633c3262e) Importer(815301076,1909f56bfc062723c751e8b465ee728b)  -> (artifact id: 'dcb5c70686a37caa73d928658a0b7a57') in 0.002597 seconds 
  Import took 0.003735 seconds .

========================================================================
Received Import Request.
  Time since last request: 109.319031 seconds.
  path: Assets/Custom RP/Examples/MeshBall.cs
  artifactKey: Guid(2f4e5bddc090f46f8acfc6475bf68617) Importer(815301076,1909f56bfc062723c751e8b465ee728b)
Start importing Assets/Custom RP/Examples/MeshBall.cs using Guid(2f4e5bddc090f46f8acfc6475bf68617) Importer(815301076,1909f56bfc062723c751e8b465ee728b)  -> (artifact id: 'e986bb9ffff82ff0d95d408f1fae36ab') in 0.003348 seconds 
  Import took 0.004437 seconds .

========================================================================
Received Import Request.
  Time since last request: 0.005927 seconds.
  path: Assets/Custom RP/Examples/MeshBall.cs
  artifactKey: Guid(2f4e5bddc090f46f8acfc6475bf68617) Importer(815301076,1909f56bfc062723c751e8b465ee728b)
Start importing Assets/Custom RP/Examples/MeshBall.cs using Guid(2f4e5bddc090f46f8acfc6475bf68617) Importer(815301076,1909f56bfc062723c751e8b465ee728b)  -> (artifact id: 'e986bb9ffff82ff0d95d408f1fae36ab') in 0.002307 seconds 
  Import took 0.003364 seconds .

========================================================================
Received Import Request.
  Time since last request: 8.536584 seconds.
  path: Assets/Custom RP/Examples/PerObjectMaterialProperties.cs
  artifactKey: Guid(12b34fac330b345eea0c6df7126deddc) Importer(815301076,1909f56bfc062723c751e8b465ee728b)
Start importing Assets/Custom RP/Examples/PerObjectMaterialProperties.cs using Guid(12b34fac330b345eea0c6df7126deddc) Importer(815301076,1909f56bfc062723c751e8b465ee728b)  -> (artifact id: 'f838d306992488566655d4eb4748a2fe') in 0.003323 seconds 
  Import took 0.004553 seconds .

========================================================================
Received Import Request.
  Time since last request: 0.003269 seconds.
  path: Assets/Custom RP/Examples/PerObjectMaterialProperties.cs
  artifactKey: Guid(12b34fac330b345eea0c6df7126deddc) Importer(815301076,1909f56bfc062723c751e8b465ee728b)
Start importing Assets/Custom RP/Examples/PerObjectMaterialProperties.cs using Guid(12b34fac330b345eea0c6df7126deddc) Importer(815301076,1909f56bfc062723c751e8b465ee728b)  -> (artifact id: 'f838d306992488566655d4eb4748a2fe') in 0.002485 seconds 
  Import took 0.003596 seconds .

========================================================================
Received Import Request.
  Time since last request: 9.618663 seconds.
  path: Assets/Scenes/SampleScene.unity
  artifactKey: Guid(9fc0d4010bbf28b4594072e72b8655ab) Importer(815301076,1909f56bfc062723c751e8b465ee728b)
Start importing Assets/Scenes/SampleScene.unity using Guid(9fc0d4010bbf28b4594072e72b8655ab) Importer(815301076,1909f56bfc062723c751e8b465ee728b)  -> (artifact id: '26934fbed297237bf657956044537ed8') in 0.011602 seconds 
  Import took 0.012871 seconds .

========================================================================
Received Prepare
Registering precompiled user dll's ...
Registered in 0.001912 seconds.
Begin MonoManager ReloadAssembly
Native extension for WindowsStandalone target not found
Refreshing native plugins compatible for Editor in 0.22 ms, found 0 plugins.
Preloading 0 native plugins for Editor in 0.00 ms.
Mono: successfully reloaded assembly
- Completed reload, in  0.742 seconds
Domain Reload Profiling:
	ReloadAssembly (746ms)
		BeginReloadAssembly (130ms)
			ExecutionOrderSort (0ms)
			DisableScriptedObjects (13ms)
			BackupInstance (0ms)
			ReleaseScriptingObjects (0ms)
			CreateAndSetChildDomain (44ms)
		EndReloadAssembly (544ms)
			LoadAssemblies (76ms)
			RebuildTransferFunctionScriptingTraits (0ms)
			SetupTypeCache (191ms)
			ReleaseScriptCaches (0ms)
			RebuildScriptCaches (26ms)
			SetupLoadedEditorAssemblies (165ms)
				LogAssemblyErrors (0ms)
				InitializePlatformSupportModulesInManaged (5ms)
				SetLoadedEditorAssemblies (1ms)
				RefreshPlugins (0ms)
				BeforeProcessingInitializeOnLoad (77ms)
				ProcessInitializeOnLoadAttributes (73ms)
				ProcessInitializeOnLoadMethodAttributes (4ms)
				AfterProcessingInitializeOnLoad (6ms)
				EditorAssembliesLoaded (1ms)
			ExecutionOrderSort2 (0ms)
			AwakeInstancesAfterBackupRestoration (6ms)
Platform modules already initialized, skipping
Refreshing native plugins compatible for Editor in 0.15 ms, found 0 plugins.
Preloading 0 native plugins for Editor in 0.00 ms.
Unloading 739 Unused Serialized files (Serialized files now loaded: 0)
System memory in use before: 45.8 MB.
System memory in use after: 45.8 MB.

Unloading 7 unused Assets to reduce memory usage. Loaded Objects now: 1195.
Total: 3.161600 ms (FindLiveObjects: 0.242600 ms CreateObjectMapping: 0.042900 ms MarkObjects: 2.701200 ms  DeleteObjects: 0.159300 ms)

AssetImportParameters requested are different than current active one (requested -> active):
  custom:framework-win-MediaFoundation: 216162199b28c13a410421893ffa2e32 -> 
  custom:video-decoder-ogg-theora: a1e56fd34408186e4bbccfd4996cb3dc -> 
  custom:container-muxer-webm: aa71ff27fc2769a1b78a27578f13a17b -> 
  custom:container-demuxer-webm: 4f35f7cbe854078d1ac9338744f61a02 -> 
  custom:container-demuxer-ogg: 62fdf1f143b41e24485cea50d1cbac27 -> 
  custom:video-encoder-webm-vp8: eb34c28f22e8b96e1ab97ce403110664 -> 
  custom:video-decoder-webm-vp8: 9c59270c3fd7afecdb556c50c9e8de78 -> 
  custom:audio-decoder-ogg-vorbis: bf7c407c2cedff20999df2af8eb42d56 -> 
  custom:audio-encoder-webm-vorbis: bf7c407c2cedff20999df2af8eb42d56 -> 
========================================================================
Received Prepare
Registering precompiled user dll's ...
Registered in 0.001232 seconds.
Begin MonoManager ReloadAssembly
Native extension for WindowsStandalone target not found
Refreshing native plugins compatible for Editor in 0.19 ms, found 0 plugins.
Preloading 0 native plugins for Editor in 0.00 ms.
Mono: successfully reloaded assembly
- Completed reload, in  0.587 seconds
Domain Reload Profiling:
	ReloadAssembly (588ms)
		BeginReloadAssembly (73ms)
			ExecutionOrderSort (0ms)
			DisableScriptedObjects (4ms)
			BackupInstance (0ms)
			ReleaseScriptingObjects (0ms)
			CreateAndSetChildDomain (17ms)
		EndReloadAssembly (464ms)
			LoadAssemblies (63ms)
			RebuildTransferFunctionScriptingTraits (0ms)
			SetupTypeCache (152ms)
			ReleaseScriptCaches (0ms)
			RebuildScriptCaches (25ms)
			SetupLoadedEditorAssemblies (141ms)
				LogAssemblyErrors (0ms)
				InitializePlatformSupportModulesInManaged (4ms)
				SetLoadedEditorAssemblies (0ms)
				RefreshPlugins (0ms)
				BeforeProcessingInitializeOnLoad (60ms)
				ProcessInitializeOnLoadAttributes (67ms)
				ProcessInitializeOnLoadMethodAttributes (4ms)
				AfterProcessingInitializeOnLoad (5ms)
				EditorAssembliesLoaded (0ms)
			ExecutionOrderSort2 (0ms)
			AwakeInstancesAfterBackupRestoration (5ms)
Platform modules already initialized, skipping
Refreshing native plugins compatible for Editor in 0.13 ms, found 0 plugins.
Preloading 0 native plugins for Editor in 0.00 ms.
Unloading 739 Unused Serialized files (Serialized files now loaded: 0)
System memory in use before: 45.8 MB.
System memory in use after: 45.8 MB.

Unloading 7 unused Assets to reduce memory usage. Loaded Objects now: 1197.
Total: 1.645100 ms (FindLiveObjects: 0.082700 ms CreateObjectMapping: 0.023400 ms MarkObjects: 1.482400 ms  DeleteObjects: 0.055600 ms)

AssetImportParameters requested are different than current active one (requested -> active):
  custom:framework-win-MediaFoundation: 216162199b28c13a410421893ffa2e32 -> 
  custom:video-decoder-ogg-theora: a1e56fd34408186e4bbccfd4996cb3dc -> 
  custom:container-muxer-webm: aa71ff27fc2769a1b78a27578f13a17b -> 
  custom:container-demuxer-webm: 4f35f7cbe854078d1ac9338744f61a02 -> 
  custom:container-demuxer-ogg: 62fdf1f143b41e24485cea50d1cbac27 -> 
  custom:video-encoder-webm-vp8: eb34c28f22e8b96e1ab97ce403110664 -> 
  custom:video-decoder-webm-vp8: 9c59270c3fd7afecdb556c50c9e8de78 -> 
  custom:audio-decoder-ogg-vorbis: bf7c407c2cedff20999df2af8eb42d56 -> 
  custom:audio-encoder-webm-vorbis: bf7c407c2cedff20999df2af8eb42d56 -> 
